#
# There is insufficient memory for the Java Runtime Environment to continue.
# Native memory allocation (mmap) failed to map 234881024 bytes for G1 virtual space
# Possible reasons:
#   The system is out of physical RAM or swap space
#   The process is running with CompressedOops enabled, and the Java Heap may be blocking the growth of the native heap
# Possible solutions:
#   Reduce memory load on the system
#   Increase physical memory or swap space
#   Check if swap backing store is full
#   Decrease Java heap size (-Xmx/-Xms)
#   Decrease number of Java threads
#   Decrease Java thread stack sizes (-Xss)
#   Set larger code cache with -XX:ReservedCodeCacheSize=
#   JVM is running with Zero Based Compressed Oops mode in which the Java heap is
#     placed in the first 32GB address space. The Java Heap base address is the
#     maximum limit for the native heap growth. Please use -XX:HeapBaseMinAddress
#     to set the Java Heap base and to place the Java Heap above 32GB virtual address.
# This output file may be truncated or incomplete.
#
#  Out of Memory Error (os_windows.cpp:3528), pid=8316, tid=3516
#
# JRE version:  (20.0+36) (build )
# Java VM: Java HotSpot(TM) 64-Bit Server VM (20+36-2344, mixed mode, sharing, tiered, compressed oops, compressed class ptrs, g1 gc, windows-amd64)
# No core dump will be written. Minidumps are not enabled by default on client versions of Windows
#

---------------  S U M M A R Y ------------

Command Line: Modelo.Tienda_com

Host: AMD Ryzen 7 3700U with Radeon Vega Mobile Gfx  , 8 cores, 13G,  Windows 10 , 64 bit Build 18362 (10.0.18362.2274)
Time: Tue Oct 10 11:30:27 2023 Hora est. Pacífico, Sudamérica elapsed time: 0.028495 seconds (0d 0h 0m 0s)

---------------  T H R E A D  ---------------

Current thread (0x000001c1a1faf060):  JavaThread "Unknown thread" [_thread_in_vm, id=3516, stack(0x00000065fe400000,0x00000065fe500000)]

Stack: [0x00000065fe400000,0x00000065fe500000]
Native frames: (J=compiled Java code, j=interpreted, Vv=VM code, C=native code)
V  [jvm.dll+0x6bb95a]
V  [jvm.dll+0x8483aa]
V  [jvm.dll+0x849fa5]
V  [jvm.dll+0x84a6a3]
V  [jvm.dll+0x280b0f]
V  [jvm.dll+0x6b86e9]
V  [jvm.dll+0x6ad2da]
V  [jvm.dll+0x35adf5]
V  [jvm.dll+0x363016]
V  [jvm.dll+0x3b3b3e]
V  [jvm.dll+0x3b3dc5]
V  [jvm.dll+0x32b50a]
V  [jvm.dll+0x32c32b]
V  [jvm.dll+0x81106f]
V  [jvm.dll+0x3c0d91]
V  [jvm.dll+0x7fcd93]
V  [jvm.dll+0x44c76f]
V  [jvm.dll+0x44e0e1]
C  [jli.dll+0x5287]
C  [ucrtbase.dll+0x210b2]
C  [KERNEL32.DLL+0x17c24]
C  [ntdll.dll+0x6d721]


---------------  P R O C E S S  ---------------

Threads class SMR info:
_java_thread_list=0x00007ffdfac6a098, length=0, elements={
}

Java Threads: ( => current thread )

Other Threads:
  0x000001c1a2014830 WorkerThread "GC Thread#0" [stack: 0x00000065fe500000,0x00000065fe600000] [id=16808]
  0x000001c1a20247f0 ConcurrentGCThread "G1 Main Marker" [stack: 0x00000065fe600000,0x00000065fe700000] [id=17144]
  0x000001c1a2025d90 WorkerThread "G1 Conc#0" [stack: 0x00000065fe700000,0x00000065fe800000] [id=140]

[error occurred during error reporting (printing all threads), id 0xc0000005, EXCEPTION_ACCESS_VIOLATION (0xc0000005) at pc=0x00007ffdfa44eb47]
VM state: not at safepoint (not fully initialized)

VM Mutex/Monitor currently owned by a thread:  ([mutex/lock_event])
[0x000001c1a1fa8720] Heap_lock - owner thread: 0x000001c1a1faf060

Heap address: 0x0000000721000000, size: 3568 MB, Compressed Oops mode: Zero based, Oop shift amount: 3

CDS archive(s) mapped at: [0x0000000000000000-0x0000000000000000-0x0000000000000000), size 0, SharedBaseAddress: 0x0000000800000000, ArchiveRelocationMode: 0.
Narrow klass base: 0x0000000000000000, Narrow klass shift: 0, Narrow klass range: 0x0

GC Precious Log:
 CardTable entry size: 512
 Card Set container configuration: InlinePtr #cards 4 size 8 Array Of Cards #cards 16 size 48 Howl #buckets 8 coarsen threshold 3686 Howl Bitmap #cards 512 size 80 coarsen threshold 460 Card regions per heap region 1 cards per card region 4096

Heap:
 garbage-first heap   total 0K, used 0K [0x0000000721000000, 0x0000000800000000)
  region size 2048K, 0 young (0K), 0 survivors (0K)

[error occurred during error reporting (printing heap information), id 0xc0000005, EXCEPTION_ACCESS_VIOLATION (0xc0000005) at pc=0x00007ffdfa823c59]
GC Heap History (0 events):
No events

Dll operation events (1 events):
Event: 0.016 Loaded shared library C:\Program Files\Java\jdk-20\bin\java.dll

Deoptimization events (0 events):
No events

Classes loaded (0 events):
No events

Classes unloaded (0 events):
No events

Classes redefined (0 events):
No events

Internal exceptions (0 events):
No events

VM Operations (0 events):
No events

Events (0 events):
No events


Dynamic libraries:
0x00007ff6f4620000 - 0x00007ff6f4630000 	C:\Program Files\Java\jdk-20\bin\java.exe
0x00007ffe586c0000 - 0x00007ffe588b0000 	C:\Windows\SYSTEM32\ntdll.dll
0x00007ffe56bc0000 - 0x00007ffe56c72000 	C:\Windows\System32\KERNEL32.DLL
0x00007ffe55b80000 - 0x00007ffe55e25000 	C:\Windows\System32\KERNELBASE.dll
0x000000005bc20000 - 0x000000005bcd2000 	C:\ProgramData\Symantec\Symantec Endpoint Protection\14.3.7393.4000.105\Data\Sysfer\x64\sysfer.dll
0x00007ffe56660000 - 0x00007ffe5675a000 	C:\Windows\System32\ucrtbase.dll
0x00007ffe305c0000 - 0x00007ffe305d9000 	C:\Program Files\Java\jdk-20\bin\jli.dll
0x00007ffe4f510000 - 0x00007ffe4f52b000 	C:\Program Files\Java\jdk-20\bin\VCRUNTIME140.dll
0x00007ffe56760000 - 0x00007ffe56805000 	C:\Windows\System32\ADVAPI32.dll
0x00007ffe57670000 - 0x00007ffe5770e000 	C:\Windows\System32\msvcrt.dll
0x00007ffe58230000 - 0x00007ffe582c8000 	C:\Windows\System32\sechost.dll
0x00007ffe57c80000 - 0x00007ffe57d9b000 	C:\Windows\System32\RPCRT4.dll
0x00007ffe58430000 - 0x00007ffe585c4000 	C:\Windows\System32\USER32.dll
0x00007ffe557d0000 - 0x00007ffe557f1000 	C:\Windows\System32\win32u.dll
0x00007ffe35b00000 - 0x00007ffe35d84000 	C:\Windows\WinSxS\amd64_microsoft.windows.common-controls_6595b64144ccf1df_6.0.18362.2274_none_9e8067a5e45c3d75\COMCTL32.dll
0x00007ffe56820000 - 0x00007ffe56b56000 	C:\Windows\System32\combase.dll
0x00007ffe565d0000 - 0x00007ffe56654000 	C:\Windows\System32\bcryptPrimitives.dll
0x000001c19fe90000 - 0x000001c19feb6000 	C:\Windows\System32\GDI32.dll
0x00007ffe55630000 - 0x00007ffe557c8000 	C:\Windows\System32\gdi32full.dll
0x00007ffe55ab0000 - 0x00007ffe55b4e000 	C:\Windows\System32\msvcp_win.dll
0x00007ffe4f920000 - 0x00007ffe4f92a000 	C:\Windows\SYSTEM32\VERSION.dll
0x00007ffe58650000 - 0x00007ffe5867e000 	C:\Windows\System32\IMM32.DLL
0x00007ffe52010000 - 0x00007ffe5201c000 	C:\Program Files\Java\jdk-20\bin\vcruntime140_1.dll
0x00007ffe40bc0000 - 0x00007ffe40c4e000 	C:\Program Files\Java\jdk-20\bin\msvcp140.dll
0x00007ffdfa110000 - 0x00007ffdfada7000 	C:\Program Files\Java\jdk-20\bin\server\jvm.dll
0x00007ffe52020000 - 0x00007ffe52029000 	C:\Windows\SYSTEM32\WSOCK32.dll
0x00007ffe581c0000 - 0x00007ffe5822f000 	C:\Windows\System32\WS2_32.dll
0x00007ffe46f60000 - 0x00007ffe46f84000 	C:\Windows\SYSTEM32\WINMM.dll
0x00007ffe46f30000 - 0x00007ffe46f5d000 	C:\Windows\SYSTEM32\WINMMBASE.dll
0x00007ffe55800000 - 0x00007ffe5584a000 	C:\Windows\System32\cfgmgr32.dll
0x00007ffe555f0000 - 0x00007ffe55601000 	C:\Windows\System32\kernel.appcore.dll
0x00007ffe4f500000 - 0x00007ffe4f50a000 	C:\Program Files\Java\jdk-20\bin\jimage.dll
0x00007ffe3d6e0000 - 0x00007ffe3d8d4000 	C:\Windows\SYSTEM32\DBGHELP.DLL
0x00007ffe3d4b0000 - 0x00007ffe3d4da000 	C:\Windows\SYSTEM32\dbgcore.DLL
0x00007ffe41df0000 - 0x00007ffe41e16000 	C:\Program Files\Java\jdk-20\bin\java.dll

dbghelp: loaded successfully - version: 4.0.5 - missing functions: none
symbol engine: initialized successfully - sym options: 0x614 - pdb path: .;C:\Program Files\Java\jdk-20\bin;C:\Windows\SYSTEM32;C:\ProgramData\Symantec\Symantec Endpoint Protection\14.3.7393.4000.105\Data\Sysfer\x64;C:\Windows\WinSxS\amd64_microsoft.windows.common-controls_6595b64144ccf1df_6.0.18362.2274_none_9e8067a5e45c3d75;C:\Program Files\Java\jdk-20\bin\server

VM Arguments:
java_command: Modelo.Tienda_com
java_class_path (initial): C:\Users\SENA\Documents\NetBeansProjects\tienda_com\target\classes;C:\Users\SENA\.m2\repository\com\mysql\mysql-connector-j\8.1.0\mysql-connector-j-8.1.0.jar;C:\Users\SENA\.m2\repository\com\google\protobuf\protobuf-java\3.21.9\protobuf-java-3.21.9.jar;C:\Users\SENA\.m2\repository\com\toedter\jcalendar\1.4\jcalendar-1.4.jar
Launcher Type: SUN_STANDARD

[Global flags]
     intx CICompilerCount                          = 4                                         {product} {ergonomic}
     uint ConcGCThreads                            = 2                                         {product} {ergonomic}
     uint G1ConcRefinementThreads                  = 8                                         {product} {ergonomic}
   size_t G1HeapRegionSize                         = 2097152                                   {product} {ergonomic}
    uintx GCDrainStackTargetSize                   = 64                                        {product} {ergonomic}
   size_t InitialHeapSize                          = 234881024                                 {product} {ergonomic}
   size_t MarkStackSize                            = 4194304                                   {product} {ergonomic}
   size_t MaxHeapSize                              = 3741319168                                {product} {ergonomic}
   size_t MinHeapDeltaBytes                        = 2097152                                   {product} {ergonomic}
   size_t MinHeapSize                              = 8388608                                   {product} {ergonomic}
    uintx NonNMethodCodeHeapSize                   = 5839372                                {pd product} {ergonomic}
    uintx NonProfiledCodeHeapSize                  = 122909434                              {pd product} {ergonomic}
    uintx ProfiledCodeHeapSize                     = 122909434                              {pd product} {ergonomic}
    uintx ReservedCodeCacheSize                    = 251658240                              {pd product} {ergonomic}
     bool SegmentedCodeCache                       = true                                      {product} {ergonomic}
   size_t SoftMaxHeapSize                          = 3741319168                             {manageable} {ergonomic}
     bool UseCompressedClassPointers               = true                           {product lp64_product} {ergonomic}
     bool UseCompressedOops                        = true                           {product lp64_product} {ergonomic}
     bool UseG1GC                                  = true                                      {product} {ergonomic}
     bool UseLargePagesIndividualAllocation        = false                                  {pd product} {ergonomic}

Logging:
Log output configuration:
 #0: stdout all=warning uptime,level,tags foldmultilines=false
 #1: stderr all=off uptime,level,tags foldmultilines=false

Environment Variables:
JAVA_HOME=C:\Program Files\Java\jdk-20
PATH=C:\Program Files\Common Files\Oracle\Java\javapath;C:\Windows\system32;C:\Windows;C:\Windows\System32\Wbem;C:\Windows\System32\WindowsPowerShell\v1.0\;C:\Windows\System32\OpenSSH\;C:\Program Files\Microsoft SQL Server\150\Tools\Binn\;C:\Program Files\Microsoft SQL Server\Client SDK\ODBC\170\Tools\Binn\;C:\Program Files\dotnet\;C:\Users\SENA\AppData\Local\Microsoft\WindowsApps;;C:\Users\SENA\AppData\Local\Programs\Microsoft VS Code\bin;C:\Users\SENA\.dotnet\tools
USERNAME=SENA
OS=Windows_NT
PROCESSOR_IDENTIFIER=AMD64 Family 23 Model 24 Stepping 1, AuthenticAMD
TMP=C:\Users\SENA\AppData\Local\Temp
TEMP=C:\Users\SENA\AppData\Local\Temp




---------------  S Y S T E M  ---------------

OS:
 Windows 10 , 64 bit Build 18362 (10.0.18362.2274)
OS uptime: 0 days 2:50 hours

CPU: total 8 (initial active 8) (8 cores per cpu, 2 threads per core) family 23 model 24 stepping 1 microcode 0x0, cx8, cmov, fxsr, ht, mmx, 3dnowpref, sse, sse2, sse3, ssse3, sse4a, sse4.1, sse4.2, popcnt, lzcnt, tsc, tscinvbit, avx, avx2, aes, clmul, bmi1, bmi2, adx, sha, fma, vzeroupper, clflush, clflushopt, rdtscp, f16c

Memory: 4k page, system-wide physical 14269M (2734M free)
TotalPageFile size 14269M (AvailPageFile size 24M)
current process WorkingSet (physical memory assigned to process): 11M, peak: 11M
current process commit charge ("private bytes"): 60M, peak: 284M

vm_info: Java HotSpot(TM) 64-Bit Server VM (20+36-2344) for windows-amd64 JRE (20+36-2344), built on 2023-02-10T19:30:15Z by "mach5one" with MS VC++ 17.1 (VS2022)

END.
