#
# There is insufficient memory for the Java Runtime Environment to continue.
# Native memory allocation (mmap) failed to map 234881024 bytes for G1 virtual space
# Possible reasons:
#   The system is out of physical RAM or swap space
#   The process is running with CompressedOops enabled, and the Java Heap may be blocking the growth of the native heap
# Possible solutions:
#   Reduce memory load on the system
#   Increase physical memory or swap space
#   Check if swap backing store is full
#   Decrease Java heap size (-Xmx/-Xms)
#   Decrease number of Java threads
#   Decrease Java thread stack sizes (-Xss)
#   Set larger code cache with -XX:ReservedCodeCacheSize=
#   JVM is running with Zero Based Compressed Oops mode in which the Java heap is
#     placed in the first 32GB address space. The Java Heap base address is the
#     maximum limit for the native heap growth. Please use -XX:HeapBaseMinAddress
#     to set the Java Heap base and to place the Java Heap above 32GB virtual address.
# This output file may be truncated or incomplete.
#
#  Out of Memory Error (os_windows.cpp:3528), pid=17320, tid=17348
#
# JRE version:  (20.0+36) (build )
# Java VM: Java HotSpot(TM) 64-Bit Server VM (20+36-2344, mixed mode, sharing, tiered, compressed oops, compressed class ptrs, g1 gc, windows-amd64)
# No core dump will be written. Minidumps are not enabled by default on client versions of Windows
#

---------------  S U M M A R Y ------------

Command Line: -Dclassworlds.conf=C:\Program Files\NetBeans-17\netbeans\java\maven\bin\m2.conf -Dmaven.home=C:\Program Files\NetBeans-17\netbeans\java\maven -Dlibrary.jansi.path=C:\Program Files\NetBeans-17\netbeans\java\maven\lib\jansi-native -Dmaven.multiModuleProjectDirectory=C:\Users\SENA\Documents\NetBeansProjects\tienda_com org.codehaus.plexus.classworlds.launcher.Launcher -Dexec.vmArgs= -Dexec.args=${exec.vmArgs} -classpath %classpath ${exec.mainClass} ${exec.appArgs} -Dexec.appArgs= -Dexec.mainClass=Modelo.Tienda_com -Dexec.executable=C:\Program Files\Java\jdk-20\bin\java.exe -Dmaven.ext.class.path=C:\Program Files\NetBeans-17\netbeans\java\maven-nblib\netbeans-eventspy.jar --no-transfer-progress org.codehaus.mojo:exec-maven-plugin:3.1.0:exec

Host: AMD Ryzen 7 3700U with Radeon Vega Mobile Gfx  , 8 cores, 13G,  Windows 10 , 64 bit Build 18362 (10.0.18362.2274)
Time: Fri Oct 13 10:36:17 2023 Hora est. Pacífico, Sudamérica elapsed time: 0.023326 seconds (0d 0h 0m 0s)

---------------  T H R E A D  ---------------

Current thread (0x0000020de15fe140):  JavaThread "Unknown thread" [_thread_in_vm, id=17348, stack(0x0000007688500000,0x0000007688600000)]

Stack: [0x0000007688500000,0x0000007688600000]
Native frames: (J=compiled Java code, j=interpreted, Vv=VM code, C=native code)
V  [jvm.dll+0x6bb95a]
V  [jvm.dll+0x8483aa]
V  [jvm.dll+0x849fa5]
V  [jvm.dll+0x84a6a3]
V  [jvm.dll+0x280b0f]
V  [jvm.dll+0x6b86e9]
V  [jvm.dll+0x6ad2da]
V  [jvm.dll+0x35adf5]
V  [jvm.dll+0x363016]
V  [jvm.dll+0x3b3b3e]
V  [jvm.dll+0x3b3dc5]
V  [jvm.dll+0x32b50a]
V  [jvm.dll+0x32c32b]
V  [jvm.dll+0x81106f]
V  [jvm.dll+0x3c0d91]
V  [jvm.dll+0x7fcd93]
V  [jvm.dll+0x44c76f]
V  [jvm.dll+0x44e0e1]
C  [jli.dll+0x5287]
C  [ucrtbase.dll+0x210b2]
C  [KERNEL32.DLL+0x17c24]
C  [ntdll.dll+0x6d721]


---------------  P R O C E S S  ---------------

Threads class SMR info:
_java_thread_list=0x00007ffc23b2a098, length=0, elements={
}

Java Threads: ( => current thread )

Other Threads:
  0x0000020de1665410 WorkerThread "GC Thread#0" [stack: 0x0000007688600000,0x0000007688700000] [id=17352]
  0x0000020de1676240 ConcurrentGCThread "G1 Main Marker" [stack: 0x0000007688700000,0x0000007688800000] [id=17356]
  0x0000020de16777e0 WorkerThread "G1 Conc#0" [stack: 0x0000007688800000,0x0000007688900000] [id=17360]

[error occurred during error reporting (printing all threads), id 0xc0000005, EXCEPTION_ACCESS_VIOLATION (0xc0000005) at pc=0x00007ffc2330eb47]
VM state: not at safepoint (not fully initialized)

VM Mutex/Monitor currently owned by a thread:  ([mutex/lock_event])
[0x0000020de15facc0] Heap_lock - owner thread: 0x0000020de15fe140

Heap address: 0x0000000721000000, size: 3568 MB, Compressed Oops mode: Zero based, Oop shift amount: 3

CDS archive(s) mapped at: [0x0000000000000000-0x0000000000000000-0x0000000000000000), size 0, SharedBaseAddress: 0x0000000800000000, ArchiveRelocationMode: 0.
Narrow klass base: 0x0000000000000000, Narrow klass shift: 0, Narrow klass range: 0x0

GC Precious Log:
 CardTable entry size: 512
 Card Set container configuration: InlinePtr #cards 4 size 8 Array Of Cards #cards 16 size 48 Howl #buckets 8 coarsen threshold 3686 Howl Bitmap #cards 512 size 80 coarsen threshold 460 Card regions per heap region 1 cards per card region 4096

Heap:
 garbage-first heap   total 0K, used 0K [0x0000000721000000, 0x0000000800000000)
  region size 2048K, 0 young (0K), 0 survivors (0K)

[error occurred during error reporting (printing heap information), id 0xc0000005, EXCEPTION_ACCESS_VIOLATION (0xc0000005) at pc=0x00007ffc236e3c59]
GC Heap History (0 events):
No events

Dll operation events (1 events):
Event: 0.010 Loaded shared library C:\Program Files\Java\jdk-20\bin\java.dll

Deoptimization events (0 events):
No events

Classes loaded (0 events):
No events

Classes unloaded (0 events):
No events

Classes redefined (0 events):
No events

Internal exceptions (0 events):
No events

VM Operations (0 events):
No events

Events (0 events):
No events


Dynamic libraries:
0x00007ff6f56b0000 - 0x00007ff6f56c0000 	C:\Program Files\Java\jdk-20\bin\java.exe
0x00007ffc7e060000 - 0x00007ffc7e250000 	C:\Windows\SYSTEM32\ntdll.dll
0x00007ffc7c330000 - 0x00007ffc7c3e2000 	C:\Windows\System32\KERNEL32.DLL
0x00007ffc7bc10000 - 0x00007ffc7beb5000 	C:\Windows\System32\KERNELBASE.dll
0x0000000076290000 - 0x0000000076342000 	C:\ProgramData\Symantec\Symantec Endpoint Protection\14.3.7393.4000.105\Data\Sysfer\x64\sysfer.dll
0x00007ffc7b160000 - 0x00007ffc7b25a000 	C:\Windows\System32\ucrtbase.dll
0x00007ffc693b0000 - 0x00007ffc693c9000 	C:\Program Files\Java\jdk-20\bin\jli.dll
0x00007ffc52bc0000 - 0x00007ffc52bdb000 	C:\Program Files\Java\jdk-20\bin\VCRUNTIME140.dll
0x00007ffc7d810000 - 0x00007ffc7d8b5000 	C:\Windows\System32\ADVAPI32.dll
0x00007ffc7dba0000 - 0x00007ffc7dc3e000 	C:\Windows\System32\msvcrt.dll
0x00007ffc7c290000 - 0x00007ffc7c328000 	C:\Windows\System32\sechost.dll
0x00007ffc7d380000 - 0x00007ffc7d49b000 	C:\Windows\System32\RPCRT4.dll
0x00007ffc7d670000 - 0x00007ffc7d804000 	C:\Windows\System32\USER32.dll
0x00007ffc7afd0000 - 0x00007ffc7aff1000 	C:\Windows\System32\win32u.dll
0x00007ffc7d0b0000 - 0x00007ffc7d0d6000 	C:\Windows\System32\GDI32.dll
0x00007ffc7b9e0000 - 0x00007ffc7bb78000 	C:\Windows\System32\gdi32full.dll
0x00007ffc5c040000 - 0x00007ffc5c2c4000 	C:\Windows\WinSxS\amd64_microsoft.windows.common-controls_6595b64144ccf1df_6.0.18362.2274_none_9e8067a5e45c3d75\COMCTL32.dll
0x00007ffc7c060000 - 0x00007ffc7c0fe000 	C:\Windows\System32\msvcp_win.dll
0x00007ffc7dcc0000 - 0x00007ffc7dff6000 	C:\Windows\System32\combase.dll
0x00007ffc7bb80000 - 0x00007ffc7bc04000 	C:\Windows\System32\bcryptPrimitives.dll
0x00007ffc76030000 - 0x00007ffc7603a000 	C:\Windows\SYSTEM32\VERSION.dll
0x00007ffc7d640000 - 0x00007ffc7d66e000 	C:\Windows\System32\IMM32.DLL
0x00007ffc52bb0000 - 0x00007ffc52bbc000 	C:\Program Files\Java\jdk-20\bin\vcruntime140_1.dll
0x00007ffc210d0000 - 0x00007ffc2115e000 	C:\Program Files\Java\jdk-20\bin\msvcp140.dll
0x00007ffc22fd0000 - 0x00007ffc23c67000 	C:\Program Files\Java\jdk-20\bin\server\jvm.dll
0x00007ffc532a0000 - 0x00007ffc532a9000 	C:\Windows\SYSTEM32\WSOCK32.dll
0x00007ffc7d570000 - 0x00007ffc7d5df000 	C:\Windows\System32\WS2_32.dll
0x00007ffc6d0b0000 - 0x00007ffc6d0d4000 	C:\Windows\SYSTEM32\WINMM.dll
0x00007ffc6d080000 - 0x00007ffc6d0ad000 	C:\Windows\SYSTEM32\WINMMBASE.dll
0x00007ffc7b110000 - 0x00007ffc7b15a000 	C:\Windows\System32\cfgmgr32.dll
0x00007ffc7af90000 - 0x00007ffc7afa1000 	C:\Windows\System32\kernel.appcore.dll
0x00007ffc52b20000 - 0x00007ffc52b2a000 	C:\Program Files\Java\jdk-20\bin\jimage.dll
0x00007ffc636a0000 - 0x00007ffc63894000 	C:\Windows\SYSTEM32\DBGHELP.DLL
0x00007ffc62720000 - 0x00007ffc6274a000 	C:\Windows\SYSTEM32\dbgcore.DLL
0x00007ffc30c50000 - 0x00007ffc30c76000 	C:\Program Files\Java\jdk-20\bin\java.dll

dbghelp: loaded successfully - version: 4.0.5 - missing functions: none
symbol engine: initialized successfully - sym options: 0x614 - pdb path: .;C:\Program Files\Java\jdk-20\bin;C:\Windows\SYSTEM32;C:\ProgramData\Symantec\Symantec Endpoint Protection\14.3.7393.4000.105\Data\Sysfer\x64;C:\Windows\WinSxS\amd64_microsoft.windows.common-controls_6595b64144ccf1df_6.0.18362.2274_none_9e8067a5e45c3d75;C:\Program Files\Java\jdk-20\bin\server

VM Arguments:
jvm_args: -Dclassworlds.conf=C:\Program Files\NetBeans-17\netbeans\java\maven\bin\m2.conf -Dmaven.home=C:\Program Files\NetBeans-17\netbeans\java\maven -Dlibrary.jansi.path=C:\Program Files\NetBeans-17\netbeans\java\maven\lib\jansi-native -Dmaven.multiModuleProjectDirectory=C:\Users\SENA\Documents\NetBeansProjects\tienda_com 
java_command: org.codehaus.plexus.classworlds.launcher.Launcher -Dexec.vmArgs= -Dexec.args=${exec.vmArgs} -classpath %classpath ${exec.mainClass} ${exec.appArgs} -Dexec.appArgs= -Dexec.mainClass=Modelo.Tienda_com -Dexec.executable=C:\Program Files\Java\jdk-20\bin\java.exe -Dmaven.ext.class.path=C:\Program Files\NetBeans-17\netbeans\java\maven-nblib\netbeans-eventspy.jar --no-transfer-progress org.codehaus.mojo:exec-maven-plugin:3.1.0:exec
java_class_path (initial): C:\Program Files\NetBeans-17\netbeans\java\maven\boot\plexus-classworlds-2.6.0.jar
Launcher Type: SUN_STANDARD

[Global flags]
     intx CICompilerCount                          = 4                                         {product} {ergonomic}
     uint ConcGCThreads                            = 2                                         {product} {ergonomic}
     uint G1ConcRefinementThreads                  = 8                                         {product} {ergonomic}
   size_t G1HeapRegionSize                         = 2097152                                   {product} {ergonomic}
    uintx GCDrainStackTargetSize                   = 64                                        {product} {ergonomic}
   size_t InitialHeapSize                          = 234881024                                 {product} {ergonomic}
   size_t MarkStackSize                            = 4194304                                   {product} {ergonomic}
   size_t MaxHeapSize                              = 3741319168                                {product} {ergonomic}
   size_t MinHeapDeltaBytes                        = 2097152                                   {product} {ergonomic}
   size_t MinHeapSize                              = 8388608                                   {product} {ergonomic}
    uintx NonNMethodCodeHeapSize                   = 5839372                                {pd product} {ergonomic}
    uintx NonProfiledCodeHeapSize                  = 122909434                              {pd product} {ergonomic}
    uintx ProfiledCodeHeapSize                     = 122909434                              {pd product} {ergonomic}
    uintx ReservedCodeCacheSize                    = 251658240                              {pd product} {ergonomic}
     bool SegmentedCodeCache                       = true                                      {product} {ergonomic}
   size_t SoftMaxHeapSize                          = 3741319168                             {manageable} {ergonomic}
     bool UseCompressedClassPointers               = true                           {product lp64_product} {ergonomic}
     bool UseCompressedOops                        = true                           {product lp64_product} {ergonomic}
     bool UseG1GC                                  = true                                      {product} {ergonomic}
     bool UseLargePagesIndividualAllocation        = false                                  {pd product} {ergonomic}

Logging:
Log output configuration:
 #0: stdout all=warning uptime,level,tags foldmultilines=false
 #1: stderr all=off uptime,level,tags foldmultilines=false

Environment Variables:
JAVA_HOME=C:\Program Files\Java\jdk-20
PATH=C:\Program Files\Common Files\Oracle\Java\javapath;C:\Windows\system32;C:\Windows;C:\Windows\System32\Wbem;C:\Windows\System32\WindowsPowerShell\v1.0\;C:\Windows\System32\OpenSSH\;C:\Program Files\Microsoft SQL Server\150\Tools\Binn\;C:\Program Files\Microsoft SQL Server\Client SDK\ODBC\170\Tools\Binn\;C:\Program Files\dotnet\;C:\Users\SENA\AppData\Local\Microsoft\WindowsApps;;C:\Users\SENA\AppData\Local\Programs\Microsoft VS Code\bin;C:\Users\SENA\.dotnet\tools
USERNAME=SENA
OS=Windows_NT
PROCESSOR_IDENTIFIER=AMD64 Family 23 Model 24 Stepping 1, AuthenticAMD
TMP=C:\Users\SENA\AppData\Local\Temp
TEMP=C:\Users\SENA\AppData\Local\Temp




---------------  S Y S T E M  ---------------

OS:
 Windows 10 , 64 bit Build 18362 (10.0.18362.2274)
OS uptime: 0 days 1:56 hours

CPU: total 8 (initial active 8) (8 cores per cpu, 2 threads per core) family 23 model 24 stepping 1 microcode 0x0, cx8, cmov, fxsr, ht, mmx, 3dnowpref, sse, sse2, sse3, ssse3, sse4a, sse4.1, sse4.2, popcnt, lzcnt, tsc, tscinvbit, avx, avx2, aes, clmul, bmi1, bmi2, adx, sha, fma, vzeroupper, clflush, clflushopt, rdtscp, f16c

Memory: 4k page, system-wide physical 14269M (6857M free)
TotalPageFile size 14269M (AvailPageFile size 206M)
current process WorkingSet (physical memory assigned to process): 10M, peak: 10M
current process commit charge ("private bytes"): 60M, peak: 284M

vm_info: Java HotSpot(TM) 64-Bit Server VM (20+36-2344) for windows-amd64 JRE (20+36-2344), built on 2023-02-10T19:30:15Z by "mach5one" with MS VC++ 17.1 (VS2022)

END.
